<?xml version="1.0" encoding="UTF-8"?>
<testng-results skipped="0" failed="0" ignored="0" total="1" passed="1">
  <reporter-output>
  </reporter-output>
  <suite name="Suite" duration-ms="21193" started-at="2021-03-17T05:27:17Z" finished-at="2021-03-17T05:27:38Z">
    <groups>
    </groups>
    <test name="Test" duration-ms="21193" started-at="2021-03-17T05:27:17Z" finished-at="2021-03-17T05:27:38Z">
      <class name="testMaven.MavenCheck">
        <test-method status="PASS" signature="m1()[pri:0, instance:testMaven.MavenCheck@58c1c010]" name="m1" duration-ms="21149" started-at="2021-03-17T05:27:17Z" finished-at="2021-03-17T05:27:38Z">
          <reporter-output>
          </reporter-output>
        </test-method> <!-- m1 -->
      </class> <!-- testMaven.MavenCheck -->
    </test> <!-- Test -->
  </suite> <!-- Suite -->
</testng-results>
