<?xml version="1.0" encoding="UTF-8"?>
<testng-results skipped="0" failed="0" ignored="0" total="1" passed="1">
  <reporter-output>
  </reporter-output>
  <suite name="Default suite" duration-ms="10184" started-at="2021-03-15T05:42:46Z" finished-at="2021-03-15T05:42:56Z">
    <groups>
    </groups>
    <test name="Default test" duration-ms="10184" started-at="2021-03-15T05:42:46Z" finished-at="2021-03-15T05:42:56Z">
      <class name="testMaven.MavenCheck">
        <test-method status="PASS" signature="m1()[pri:0, instance:testMaven.MavenCheck@51565ec2]" name="m1" duration-ms="10083" started-at="2021-03-15T05:42:46Z" finished-at="2021-03-15T05:42:56Z">
          <reporter-output>
          </reporter-output>
        </test-method> <!-- m1 -->
      </class> <!-- testMaven.MavenCheck -->
    </test> <!-- Default test -->
  </suite> <!-- Default suite -->
</testng-results>
